<?xml version="1.0" encoding="UTF-8"?>
<testng-results ignored="0" total="1" passed="1" failed="0" skipped="0">
  <reporter-output>
  </reporter-output>
  <suite started-at="2025-07-11T00:12:19 IST" name="Default suite" finished-at="2025-07-11T00:12:26 IST" duration-ms="6424">
    <groups>
    </groups>
    <test started-at="2025-07-11T00:12:19 IST" name="Default test" finished-at="2025-07-11T00:12:26 IST" duration-ms="6424">
      <class name="tests.TC000_HomePage">
        <test-method is-config="true" signature="init()[pri:0, instance:tests.TC000_HomePage@76a4ebf2]" started-at="2025-07-11T00:12:19 IST" name="init" finished-at="2025-07-11T00:12:25 IST" duration-ms="6126" status="PASS">
          <reporter-output>
          </reporter-output>
        </test-method> <!-- init -->
        <test-method signature="TC001_HomePage()[pri:0, instance:tests.TC000_HomePage@76a4ebf2]" started-at="2025-07-11T00:12:25 IST" name="TC001_HomePage" finished-at="2025-07-11T00:12:25 IST" duration-ms="19" status="PASS">
          <reporter-output>
          </reporter-output>
        </test-method> <!-- TC001_HomePage -->
        <test-method is-config="true" signature="close()[pri:0, instance:tests.TC000_HomePage@76a4ebf2]" started-at="2025-07-11T00:12:25 IST" name="close" finished-at="2025-07-11T00:12:26 IST" duration-ms="215" status="PASS">
          <reporter-output>
          </reporter-output>
        </test-method> <!-- close -->
      </class> <!-- tests.TC000_HomePage -->
    </test> <!-- Default test -->
  </suite> <!-- Default suite -->
</testng-results>
